app/proguard-rules.pro
# Add project specific ProGuard rules here.
# You can control the set of applied configuration files using the
# proguardFiles setting in build.gradle.
#
# For more details, see
#   http://developer.android.com/guide/developing/tools/proguard.html

# If your project uses WebView with JS, uncomment the following
# and specify the fully qualified class name to the JavaScript interface
# class:
#-keepclassmembers class fqcn.of.javascript.interface.for.webview {
#   public *;
#}

# Uncomment this to preserve the line number information for
# debugging stack traces.
#-keepattributes SourceFile,LineNumberTable

# If you keep the line number information, uncomment this to
# hide the original source file name.
#-renamesourcefileattribute SourceFile

##---------------Begin: proguard configuration for Sophix  ----------
#基线包使用，生成mapping.txt
-printmapping mapping.txt
#生成的mapping.txt在app/build/outputs/mapping/release路径下，移动到/app路径下
#修复后的项目使用，保证混淆结果一致
#-applymapping mapping.txt
#hotfix
-keep class com.taobao.sophix.**{*;}
-keep class com.ta.utdid2.device.**{*;}
#防止inline
-dontoptimize

-keepclassmembers class com.mt.sophixdemo.app.MTApplication {
    public <init>();
}
# 如果不使用android.support.annotation.Keep则需加上此行
# -keep class com.my.pkg.SophixStubApplication$RealApplicationStub

-dontwarn com.alibaba.sdk.**
-ignorewarnings
##---------------End: proguard configuration for Sophix  ----------