app/mapping.txt
com.example.hotfix.hotfixapplication.ListBean -> com.example.hotfix.hotfixapplication.a:
    java.lang.String name -> a
    void <init>() -> <init>
    java.lang.String getName() -> a
    void setName(java.lang.String) -> a
com.example.hotfix.hotfixapplication.MainActivity -> com.example.hotfix.hotfixapplication.MainActivity:
    com.gelitenight.waveview.library.WaveView waveView -> j
    com.example.hotfix.hotfixapplication.WaveHelper mWaveHelper -> n
    int mBorderColor -> o
    int mBorderWidth -> p
    com.scwang.smartrefresh.layout.SmartRefreshLayout srl -> q
    android.support.v7.widget.RecyclerView rv -> r
    com.example.hotfix.hotfixapplication.recycler.RecycleAdapter recyclerAdapter -> k
    java.util.List list -> l
    com.example.hotfix.hotfixapplication.ListBean listBean -> m
    void <init>() -> <init>
    void onCreate(android.os.Bundle) -> onCreate
    void onResume() -> onResume
    void onStop() -> onStop
    com.scwang.smartrefresh.layout.SmartRefreshLayout access$000(com.example.hotfix.hotfixapplication.MainActivity) -> a
com.example.hotfix.hotfixapplication.MainActivity$1 -> com.example.hotfix.hotfixapplication.MainActivity$1:
    com.example.hotfix.hotfixapplication.MainActivity this$0 -> a
    void <init>(com.example.hotfix.hotfixapplication.MainActivity) -> <init>
    com.scwang.smartrefresh.layout.api.RefreshHeader createRefreshHeader(android.content.Context,com.scwang.smartrefresh.layout.api.RefreshLayout) -> a
com.example.hotfix.hotfixapplication.MainActivity$2 -> com.example.hotfix.hotfixapplication.MainActivity$2:
    com.example.hotfix.hotfixapplication.MainActivity this$0 -> a
    void <init>(com.example.hotfix.hotfixapplication.MainActivity) -> <init>
    com.scwang.smartrefresh.layout.api.RefreshFooter createRefreshFooter(android.content.Context,com.scwang.smartrefresh.layout.api.RefreshLayout) -> a
com.example.hotfix.hotfixapplication.MainActivity$3 -> com.example.hotfix.hotfixapplication.MainActivity$3:
    com.example.hotfix.hotfixapplication.MainActivity this$0 -> a
    void <init>(com.example.hotfix.hotfixapplication.MainActivity,android.content.Context,int) -> <init>
    void convert(com.example.hotfix.hotfixapplication.recycler.BaseAdapterHelper,com.example.hotfix.hotfixapplication.ListBean,int) -> a
    void convert(com.example.hotfix.hotfixapplication.recycler.BaseAdapterHelper,java.lang.Object,int) -> a
com.example.hotfix.hotfixapplication.MainActivity$3$1 -> com.example.hotfix.hotfixapplication.MainActivity$3$1:
    int val$position -> a
    com.example.hotfix.hotfixapplication.ListBean val$item -> b
    com.example.hotfix.hotfixapplication.MainActivity$3 this$1 -> c
    void <init>(com.example.hotfix.hotfixapplication.MainActivity$3,int,com.example.hotfix.hotfixapplication.ListBean) -> <init>
    void onClick(android.view.View) -> onClick
com.example.hotfix.hotfixapplication.MainActivity$4 -> com.example.hotfix.hotfixapplication.MainActivity$4:
    com.example.hotfix.hotfixapplication.MainActivity this$0 -> a
    void <init>(com.example.hotfix.hotfixapplication.MainActivity) -> <init>
    void onLoadmore(com.scwang.smartrefresh.layout.api.RefreshLayout) -> a
    void onRefresh(com.scwang.smartrefresh.layout.api.RefreshLayout) -> b
com.example.hotfix.hotfixapplication.MyApplication -> com.example.hotfix.hotfixapplication.b:
    void onCreate() -> onCreate
com.example.hotfix.hotfixapplication.WaveHelper -> com.example.hotfix.hotfixapplication.c:
    com.gelitenight.waveview.library.WaveView mWaveView -> b
    android.animation.AnimatorSet mAnimatorSet -> c
    java.util.List animators -> a
    void <init>(com.gelitenight.waveview.library.WaveView,float,boolean) -> <init>
    void start() -> a
    void initAnimation(float,boolean) -> a
    void setWaveGrowRepeatedly(boolean,long) -> a
    void cancel() -> b
...
android.support.v4.content.res.ResourcesCompat$FontCallback$2 -> android.support.v4.a.a.f$a$2:
    int val$reason -> a
    android.support.v4.content.res.ResourcesCompat$FontCallback this$0 -> b
    void <init>(android.support.v4.content.res.ResourcesCompat$FontCallback,int) -> <init>
    void run() -> run
android.support.v4.content.res.TypedArrayUtils -> android.support.v4.a.a.g:
    boolean hasAttribute(org.xmlpull.v1.XmlPullParser,java.lang.String) -> a
    float getNamedFloat(android.content.res.TypedArray,org.xmlpull.v1.XmlPullParser,java.lang.String,int,float) -> a
    boolean getNamedBoolean(android.content.res.TypedArray,org.xmlpull.v1.XmlPullParser,java.lang.String,int,boolean) -> a
    int getNamedInt(android.content.res.TypedArray,org.xmlpull.v1.XmlPullParser,java.lang.String,int,int) -> a
    int getNamedColor(android.content.res.TypedArray,org.xmlpull.v1.XmlPullParser,java.lang.String,int,int) -> b
    android.support.v4.content.res.ComplexColorCompat getNamedComplexColor(android.content.res.TypedArray,org.xmlpull.v1.XmlPullParser,android.content.res.Resources$Theme,java.lang.String,int,int) -> a
    int getNamedResourceId(android.content.res.TypedArray,org.xmlpull.v1.XmlPullParser,java.lang.String,int,int) -> c
    java.lang.String getNamedString(android.content.res.TypedArray,org.xmlpull.v1.XmlPullParser,java.lang.String,int) -> a
    android.util.TypedValue peekNamedValue(android.content.res.TypedArray,org.xmlpull.v1.XmlPullParser,java.lang.String,int) -> b
    android.content.res.TypedArray obtainAttributes(android.content.res.Resources,android.content.res.Resources$Theme,android.util.AttributeSet,int[]) -> a
android.support.v4.graphics.ColorUtils -> android.support.v4.graphics.a:
    java.lang.ThreadLocal TEMP_ARRAY -> a
    int compositeColors(int,int) -> a
    int compositeAlpha(int,int) -> c
    int compositeComponent(int,int,int,int,int) -> a
    int setAlphaComponent(int,int) -> b
    void <clinit>() -> <clinit>
android.support.v4.graphics.PathParser -> android.support.v4.graphics.b:
    float[] copyOfRange(float[],int,int) -> a
    android.graphics.Path createPathFromPathData(java.lang.String) -> a
    android.support.v4.graphics.PathParser$PathDataNode[] createNodesFromPathData(java.lang.String) -> b
    android.support.v4.graphics.PathParser$PathDataNode[] deepCopyNodes(android.support.v4.graphics.PathParser$PathDataNode[]) -> a
    boolean canMorph(android.support.v4.graphics.PathParser$PathDataNode[],android.support.v4.graphics.PathParser$PathDataNode[]) -> a
    void updateNodes(android.support.v4.graphics.PathParser$PathDataNode[],android.support.v4.graphics.PathParser$PathDataNode[]) -> b
    int nextStart(java.lang.String,int) -> a
    void addNode(java.util.ArrayList,char,float[]) -> a
    float[] getFloats(java.lang.String) -> c
    void extract(java.lang.String,int,android.support.v4.graphics.PathParser$ExtractFloatResult) -> a
android.support.v4.graphics.PathParser$ExtractFloatResult -> android.support.v4.graphics.b$a:
    int mEndPosition -> a
    boolean mEndWithNegOrDot -> b
    void <init>() -> <init>
android.support.v4.graphics.PathParser$PathDataNode -> android.support.v4.graphics.b$b:
    char mType -> a
    float[] mParams -> b
    void <init>(char,float[]) -> <init>
    void <init>(android.support.v4.graphics.PathParser$PathDataNode) -> <init>
    void nodesToPath(android.support.v4.graphics.PathParser$PathDataNode[],android.graphics.Path) -> a
    void interpolatePathDataNode(android.support.v4.graphics.PathParser$PathDataNode,android.support.v4.graphics.PathParser$PathDataNode,float) -> a
    void addCommand(android.graphics.Path,float[],char,char,float[]) -> a
    void drawArc(android.graphics.Path,float,float,float,float,float,float,float,boolean,boolean) -> a
    void arcToBezier(android.graphics.Path,double,double,double,double,double,double,double,double,double) -> a